./beauty_20180721/_正妹_什麼風格都美的微甜貓女_20180721_AXCHIU_14.txt , 20180721
./beauty_20180721/_正妹_住在香港的小確幸_20180721_dickie_0.txt , 20180721
./beauty_20180721/_正妹_俄羅斯妹子_20180721_a1234c_3.txt , 20180721
./beauty_20180721/_正妹_女大生.兼職模特兒_20180721_NCCUOnline_28.txt , 20180721
./beauty_20180721/_正妹_女演員李彩英_20180721_NCCUOnline_0.txt , 20180721
./beauty_20180721/_正妹_很有彈力_20180721_jedy05097952_26.txt , 20180721
./beauty_20180721/_正妹_性感甜姐兒_20180721_Arschloch_17.txt , 20180721
./beauty_20180721/_正妹_新女團成員韓楚林_20180721_NCCUOnline_3.txt , 20180721
./beauty_20180721/_正妹_氣質可愛_20180721_qzwxecrv55_18.txt , 20180721
./beauty_20180721/_正妹_烏茲別克Model_20180721_kevin310007_4.txt , 20180721
./beauty_20180721/_正妹_空姐學校休學中_20180721_NCCUOnline_2.txt , 20180721
./beauty_20180721/_正妹_舉牌妹子_20180721_Cahill_1.txt , 20180721
./beauty_20180721/_正妹_藤井有彩_20180721_Black3831372_68.txt , 20180721
./beauty_20180721/_正妹_鈴村愛里(多圖)_20180721_Black3831372_18.txt , 20180721
./beauty_20180721/_正妹_長髮氣質媽咪_20180721_teramars_4.txt , 20180721
./beauty_20180721/_正妹_韓妹_20180721_BonerOuO_4.txt , 20180721
./beauty_20180721/_神人_EMC2018論壇,Toshiba攤位的showgirl_20180721_bhyang0721_4.txt , 20180721
./beauty_20180721/_神人_三立女記者_20180721_minyann_X1.txt , 20180721
./beauty_20180721/_神人_劍湖山尖叫妹_20180721_wowann_0.txt , 20180721
./beauty_20180721/_神人_壹電視記者_20180721_bubblefree_1.txt , 20180721
./beauty_20180721/_神人_幫神廣告女星(1000P)_20180721_yanzoku_3.txt , 20180721
./beauty_20180721/_神人_月希實況的摩卡女孩_20180721_P1k4_2.txt , 20180721
./beauty_20180721/_神人_韓國綜藝節目的女生_20180721_WillCheng_1.txt , 20180721
