<!DOCTYPE html>
<html>
	<head>
		<meta charset="utf-8">
		

<meta name="viewport" content="width=device-width, initial-scale=1">

<title>看板 movie 文章列表 - 批踢踢實業坊</title>

<link rel="stylesheet" type="text/css" href="//images.ptt.cc/bbs/v2.22/bbs-common.css">
<link rel="stylesheet" type="text/css" href="//images.ptt.cc/bbs/v2.22/bbs-base.css" media="screen">
<link rel="stylesheet" type="text/css" href="//images.ptt.cc/bbs/v2.22/bbs-custom.css">
<link rel="stylesheet" type="text/css" href="//images.ptt.cc/bbs/v2.22/pushstream.css" media="screen">
<link rel="stylesheet" type="text/css" href="//images.ptt.cc/bbs/v2.22/bbs-print.css" media="print">




	</head>
    <body>
		
<div id="topbar-container">
	<div id="topbar" class="bbs-content">
		<a id="logo" href="/">批踢踢實業坊</a>
		<span>&rsaquo;</span>
		<a class="board" href="/bbs/movie/index.html"><span class="board-label">看板 </span>movie</a>
		<a class="right small" href="/about.html">關於我們</a>
		<a class="right small" href="/contact.html">聯絡資訊</a>
	</div>
</div>

<div id="main-container">
	<div id="action-bar-container">
		<div class="action-bar">
			<div class="btn-group btn-group-dir">
				<a class="btn selected" href="/bbs/movie/index.html">看板</a>
				<a class="btn" href="/man/movie/index.html">精華區</a>
			</div>
			<div class="btn-group btn-group-paging">
				<a class="btn wide" href="/bbs/movie/index1.html">最舊</a>
				<a class="btn wide" href="/bbs/movie/index6611.html">&lsaquo; 上頁</a>
				<a class="btn wide disabled">下頁 &rsaquo;</a>
				<a class="btn wide" href="/bbs/movie/index.html">最新</a>
			</div>
		</div>
	</div>

	<div class="r-list-container action-bar-margin bbs-screen">
		
		
            
        
        
		<div class="r-ent">
			<div class="nrec"></div>
			<div class="mark"></div>
			<div class="title">
			
				<a href="/bbs/movie/M.1524400110.A.6F3.html">[好雷] 只殺陌生人</a>
			
			</div>
			<div class="meta">
				<div class="date"> 4/22</div>
				<div class="author">jackdd</div>
			</div>
		</div>

		
            
        
        
		<div class="r-ent">
			<div class="nrec"></div>
			<div class="mark"></div>
			<div class="title">
			
				<a href="/bbs/movie/M.1524400364.A.190.html">[討論] 怒火狂飆裡的疑問</a>
			
			</div>
			<div class="meta">
				<div class="date"> 4/22</div>
				<div class="author">cow8o</div>
			</div>
		</div>

		
            
        
        
		<div class="r-ent">
			<div class="nrec"></div>
			<div class="mark"></div>
			<div class="title">
			
				<a href="/bbs/movie/M.1524400617.A.D02.html">Re: [負雷] 一級玩家 讓人失望</a>
			
			</div>
			<div class="meta">
				<div class="date"> 4/22</div>
				<div class="author">tataTangQQ</div>
			</div>
		</div>

		
            
        
        
		<div class="r-ent">
			<div class="nrec"></div>
			<div class="mark"></div>
			<div class="title">
			
				(本文已被刪除) [ez910115]
			
			</div>
			<div class="meta">
				<div class="date"> 4/22</div>
				<div class="author">-</div>
			</div>
		</div>

		
            
        
        
		<div class="r-ent">
			<div class="nrec"><span class="hl f2">5</span></div>
			<div class="mark"></div>
			<div class="title">
			
				<a href="/bbs/movie/M.1524401443.A.3A2.html">[問片] 10年前的一部動畫片，跟環境保護有關</a>
			
			</div>
			<div class="meta">
				<div class="date"> 4/22</div>
				<div class="author">huberty7u</div>
			</div>
		</div>

		
            
        
        
		<div class="r-ent">
			<div class="nrec"></div>
			<div class="mark"></div>
			<div class="title">
			
				<a href="/bbs/movie/M.1524402402.A.385.html">[轉錄] 為什麼復仇者聯盟大部分是理組?</a>
			
			</div>
			<div class="meta">
				<div class="date"> 4/22</div>
				<div class="author">cjol</div>
			</div>
		</div>

		
            
        
        
		<div class="r-ent">
			<div class="nrec"><span class="hl f2">1</span></div>
			<div class="mark"></div>
			<div class="title">
			
				<a href="/bbs/movie/M.1524402863.A.439.html">[好雷] 湖畔春光</a>
			
			</div>
			<div class="meta">
				<div class="date"> 4/22</div>
				<div class="author">solemnity</div>
			</div>
		</div>

		
            
        
        
		<div class="r-ent">
			<div class="nrec"><span class="hl f2">3</span></div>
			<div class="mark"></div>
			<div class="title">
			
				<a href="/bbs/movie/M.1524403208.A.BFD.html">[討論] 金馬影展 真愛入侵(有雷)</a>
			
			</div>
			<div class="meta">
				<div class="date"> 4/22</div>
				<div class="author">jojolia69</div>
			</div>
		</div>

		
            
        
        
		<div class="r-ent">
			<div class="nrec"><span class="hl f2">1</span></div>
			<div class="mark"></div>
			<div class="title">
			
				<a href="/bbs/movie/M.1524403951.A.042.html">[討論] 哪一種類型系列的電影吸引你必買進場</a>
			
			</div>
			<div class="meta">
				<div class="date"> 4/22</div>
				<div class="author">fantas99</div>
			</div>
		</div>

		
            
        
        
		<div class="r-ent">
			<div class="nrec"><span class="hl f2">2</span></div>
			<div class="mark"></div>
			<div class="title">
			
				<a href="/bbs/movie/M.1524404727.A.318.html">[請益] 查不到一級玩家27號的時刻表！</a>
			
			</div>
			<div class="meta">
				<div class="date"> 4/22</div>
				<div class="author">gn01982667</div>
			</div>
		</div>

		
            
        
        
		<div class="r-ent">
			<div class="nrec"><span class="hl f2">1</span></div>
			<div class="mark"></div>
			<div class="title">
			
				<a href="/bbs/movie/M.1524404806.A.D52.html">[雷] 屍樂園 ｜何不享受一點小樂趣</a>
			
			</div>
			<div class="meta">
				<div class="date"> 4/22</div>
				<div class="author">icemake121</div>
			</div>
		</div>

		
            
        
        
		<div class="r-ent">
			<div class="nrec"><span class="hl f2">6</span></div>
			<div class="mark"></div>
			<div class="title">
			
				<a href="/bbs/movie/M.1524404825.A.BB5.html">[問片] 有多組戀人串起來的愛情故事</a>
			
			</div>
			<div class="meta">
				<div class="date"> 4/22</div>
				<div class="author">squirrel0105</div>
			</div>
		</div>

		
            
        
        
		<div class="r-ent">
			<div class="nrec"><span class="hl f2">8</span></div>
			<div class="mark"></div>
			<div class="title">
			
				<a href="/bbs/movie/M.1524405561.A.710.html">[片單] 適合韓國中學生看的國片或中國電影</a>
			
			</div>
			<div class="meta">
				<div class="date"> 4/22</div>
				<div class="author">WINGSofBTS</div>
			</div>
		</div>

		
        
        <div class="r-list-sep"></div>
            
                
        
        
		<div class="r-ent">
			<div class="nrec"><span class="hl f2">7</span></div>
			<div class="mark"></div>
			<div class="title">
			
				<a href="/bbs/movie/M.1391507188.A.EA3.html">[公告]《各式疑難雜症FAQ》</a>
			
			</div>
			<div class="meta">
				<div class="date"> 2/04</div>
				<div class="author">VOT1077</div>
			</div>
		</div>

            
                
        
        
		<div class="r-ent">
			<div class="nrec"><span class="hl f1">爆</span></div>
			<div class="mark"></div>
			<div class="title">
			
				<a href="/bbs/movie/M.1438264565.A.656.html">[公告] 板規！必看！｜好文推薦‧惡文檢舉</a>
			
			</div>
			<div class="meta">
				<div class="date"> 7/30</div>
				<div class="author">VOT1077</div>
			</div>
		</div>

            
                
        
        
		<div class="r-ent">
			<div class="nrec"><span class="hl f3">54</span></div>
			<div class="mark">M</div>
			<div class="title">
			
				<a href="/bbs/movie/M.1524375429.A.D00.html">[公告] 復仇者聯盟3 上映前宣導 </a>
			
			</div>
			<div class="meta">
				<div class="date"> 4/22</div>
				<div class="author">cappa</div>
			</div>
		</div>

            
        
	</div>

    
</div>

		

<script>
  (function(i,s,o,g,r,a,m){i['GoogleAnalyticsObject']=r;i[r]=i[r]||function(){
  (i[r].q=i[r].q||[]).push(arguments)},i[r].l=1*new Date();a=s.createElement(o),
  m=s.getElementsByTagName(o)[0];a.async=1;a.src=g;m.parentNode.insertBefore(a,m)
  })(window,document,'script','https://www.google-analytics.com/analytics.js','ga');

  ga('create', 'UA-32365737-1', {
    cookieDomain: 'ptt.cc',
    legacyCookieDomain: 'ptt.cc'
  });
  ga('send', 'pageview');
</script>


		
<script src="//ajax.googleapis.com/ajax/libs/jquery/2.1.1/jquery.min.js"></script>
<script src="//images.ptt.cc/bbs/v2.22/bbs.js"></script>

    </body>
</html>

